<?xml version="1.0" encoding="UTF-8"?>
<testsuite name="spaceship.SpaceShipCsvWriterTest" tests="1" skipped="0" failures="0" errors="0" timestamp="2020-06-06T10:51:11" hostname="DESKTOP-GRTNTGI" time="0.021">
  <properties/>
  <testcase name="doWriter()" classname="spaceship.SpaceShipCsvWriterTest" time="0.021"/>
  <system-out><![CDATA[]]></system-out>
  <system-err><![CDATA[]]></system-err>
</testsuite>
